<?xml version="1.0" encoding="UTF-8"?>
<testsuite xmlns:xsi="http://www.w3.org/2001/XMLSchema-instance" xsi:noNamespaceSchemaLocation="https://maven.apache.org/surefire/maven-surefire-plugin/xsd/surefire-test-report.xsd" name="com.iihtproject.sellerservice.controller.ControllerE2ETests" time="44.122" tests="4" errors="0" skipped="0" failures="0">
  <properties>
[...]
</properties>
  <testcase name="should_find_product_by_id_and_date" classname="com.iihtproject.sellerservice.controller.ControllerE2ETests" time="5.739"/>
  <testcase name="should_delete_product_by_id" classname="com.iihtproject.sellerservice.controller.ControllerE2ETests" time="0.005"/>
  <testcase name="should_create_product" classname="com.iihtproject.sellerservice.controller.ControllerE2ETests" time="0.019"/>
  <testcase name="should_return_all_bids_of_product" classname="com.iihtproject.sellerservice.controller.ControllerE2ETests" time="0.032"/>
</testsuite>